<?xml version="1.0" encoding="UTF-8"?>
<testng-results skipped="0" failed="0" total="1" passed="1">
  <reporter-output>
  </reporter-output>
  <suite name="Default suite" duration-ms="1052" started-at="2016-04-20T03:47:07Z" finished-at="2016-04-20T03:47:08Z">
    <groups>
    </groups>
    <test name="Default test" duration-ms="1052" started-at="2016-04-20T03:47:07Z" finished-at="2016-04-20T03:47:08Z">
      <class name="com.jingoal.web.redis.common.test.RedisListenerTest">
        <test-method status="PASS" signature="springTestContextBeforeTestClass()[pri:0, instance:com.jingoal.web.redis.common.test.RedisListenerTest@7a52f2a2]" name="springTestContextBeforeTestClass" is-config="true" duration-ms="10" started-at="2016-04-20T11:47:07Z" finished-at="2016-04-20T11:47:07Z">
          <reporter-output>
          </reporter-output>
        </test-method> <!-- springTestContextBeforeTestClass -->
        <test-method status="PASS" signature="springTestContextPrepareTestInstance()[pri:0, instance:com.jingoal.web.redis.common.test.RedisListenerTest@7a52f2a2]" name="springTestContextPrepareTestInstance" is-config="true" duration-ms="976" started-at="2016-04-20T11:47:07Z" depends-on-methods="org.springframework.test.context.testng.AbstractTestNGSpringContextTests.springTestContextBeforeTestClass" finished-at="2016-04-20T11:47:08Z">
          <reporter-output>
          </reporter-output>
        </test-method> <!-- springTestContextPrepareTestInstance -->
        <test-method status="PASS" signature="springTestContextBeforeTestMethod(java.lang.reflect.Method)[pri:0, instance:com.jingoal.web.redis.common.test.RedisListenerTest@7a52f2a2]" name="springTestContextBeforeTestMethod" is-config="true" duration-ms="1" started-at="2016-04-20T11:47:08Z" finished-at="2016-04-20T11:47:08Z">
          <params>
            <param index="0">
              <value>
                <![CDATA[public void com.jingoal.web.redis.common.test.RedisListenerTest.sendMsgTest()]]>
              </value>
            </param>
          </params>
          <reporter-output>
          </reporter-output>
        </test-method> <!-- springTestContextBeforeTestMethod -->
        <test-method status="PASS" signature="sendMsgTest()[pri:0, instance:com.jingoal.web.redis.common.test.RedisListenerTest@7a52f2a2]" name="sendMsgTest" duration-ms="42" started-at="2016-04-20T11:47:08Z" finished-at="2016-04-20T11:47:08Z">
          <reporter-output>
          </reporter-output>
        </test-method> <!-- sendMsgTest -->
        <test-method status="PASS" signature="springTestContextAfterTestMethod(java.lang.reflect.Method)[pri:0, instance:com.jingoal.web.redis.common.test.RedisListenerTest@7a52f2a2]" name="springTestContextAfterTestMethod" is-config="true" duration-ms="2" started-at="2016-04-20T11:47:08Z" finished-at="2016-04-20T11:47:08Z">
          <params>
            <param index="0">
              <value>
                <![CDATA[public void com.jingoal.web.redis.common.test.RedisListenerTest.sendMsgTest()]]>
              </value>
            </param>
          </params>
          <reporter-output>
          </reporter-output>
        </test-method> <!-- springTestContextAfterTestMethod -->
        <test-method status="PASS" signature="springTestContextAfterTestClass()[pri:0, instance:com.jingoal.web.redis.common.test.RedisListenerTest@7a52f2a2]" name="springTestContextAfterTestClass" is-config="true" duration-ms="2" started-at="2016-04-20T11:47:08Z" finished-at="2016-04-20T11:47:08Z">
          <reporter-output>
          </reporter-output>
        </test-method> <!-- springTestContextAfterTestClass -->
      </class> <!-- com.jingoal.web.redis.common.test.RedisListenerTest -->
    </test> <!-- Default test -->
  </suite> <!-- Default suite -->
</testng-results>
